<?xml version="1.0" encoding="UTF-8"?>
<!-- Generated by org.testng.reporters.JUnitXMLReporter -->
<testsuite ignored="0" hostname="linh-truong-pc" failures="0" tests="3" name="Run On Edge" time="18.688" errors="0" timestamp="27 Aug 2023 13:14:53 GMT">
  <testcase classname="com.nopcommerce.account.Level_08_Switch_Page" name="User_01_Register_Success" time="3.377"/>
  <testcase classname="com.nopcommerce.account.Level_08_Switch_Page" name="User_02_Login_Success" time="2.848"/>
  <testcase classname="com.nopcommerce.account.Level_08_Switch_Page" name="User_03_Switch_Page" time="3.665"/>
</testsuite> <!-- Run On Edge -->
