<?xml version="1.0" encoding="UTF-8"?>
<!-- Generated by org.testng.reporters.JUnitXMLReporter -->
<testsuite ignored="0" hostname="linh-truong-pc" failures="0" tests="6" name="Run On Edge" time="27.238" errors="0" timestamp="23 Aug 2023 05:22:26 GMT">
  <testcase classname="com.nopcommerce.account.Level_07_Page_Generator_Manager_3" name="User_01_Register_Empty_Data" time="2.146"/>
  <testcase classname="com.nopcommerce.account.Level_07_Page_Generator_Manager_3" name="User_02_Register_Invalid_Email" time="2.876"/>
  <testcase classname="com.nopcommerce.account.Level_07_Page_Generator_Manager_3" name="User_03_Register_Invalid_Password" time="3.147"/>
  <testcase classname="com.nopcommerce.account.Level_07_Page_Generator_Manager_3" name="User_04_Register_Inccorect_Confirm_Password" time="2.959"/>
  <testcase classname="com.nopcommerce.account.Level_07_Page_Generator_Manager_3" name="User_05_Register_Success" time="3.975"/>
  <testcase classname="com.nopcommerce.account.Level_07_Page_Generator_Manager_3" name="User_06_Login_Success" time="3.962"/>
</testsuite> <!-- Run On Edge -->
