<?xml version="1.0" encoding="UTF-8"?>
<!-- Generated by org.testng.reporters.JUnitXMLReporter -->
<testsuite ignored="0" hostname="linh-truong-pc" failures="0" tests="6" name="Run On Firefox" time="26.127" errors="0" timestamp="23 Aug 2023 05:21:39 GMT">
  <testcase classname="com.nopcommerce.account.Level_07_Page_Generator_Manager_3" name="User_01_Register_Empty_Data" time="2.41"/>
  <testcase classname="com.nopcommerce.account.Level_07_Page_Generator_Manager_3" name="User_02_Register_Invalid_Email" time="1.735"/>
  <testcase classname="com.nopcommerce.account.Level_07_Page_Generator_Manager_3" name="User_03_Register_Invalid_Password" time="2.129"/>
  <testcase classname="com.nopcommerce.account.Level_07_Page_Generator_Manager_3" name="User_04_Register_Inccorect_Confirm_Password" time="2.029"/>
  <testcase classname="com.nopcommerce.account.Level_07_Page_Generator_Manager_3" name="User_05_Register_Success" time="2.124"/>
  <testcase classname="com.nopcommerce.account.Level_07_Page_Generator_Manager_3" name="User_06_Login_Success" time="2.533"/>
</testsuite> <!-- Run On Firefox -->
