<?xml version="1.0" encoding="UTF-8"?>
<testng-results ignored="0" total="18" passed="18" failed="0" skipped="0">
  <reporter-output>
  </reporter-output>
  <suite started-at="2023-08-23T05:21:13Z" name="NopCommerce" finished-at="2023-08-23T05:22:26Z" duration-ms="73633">
    <groups>
    </groups>
    <test started-at="2023-08-23T05:21:13Z" name="Run On Firefox" finished-at="2023-08-23T05:21:39Z" duration-ms="26127">
      <class name="com.nopcommerce.account.Level_07_Page_Generator_Manager_3">
        <test-method is-config="true" signature="beforeClass(java.lang.String)[pri:0, instance:com.nopcommerce.account.Level_07_Page_Generator_Manager_3@2c1b194a]" started-at="2023-08-23T05:21:13Z" name="beforeClass" finished-at="2023-08-23T05:21:24Z" duration-ms="11580" status="PASS">
          <params>
            <param index="0">
              <value>
                <![CDATA[firefox]]>
              </value>
            </param>
          </params>
          <reporter-output>
          </reporter-output>
        </test-method> <!-- beforeClass -->
        <test-method signature="User_01_Register_Empty_Data()[pri:0, instance:com.nopcommerce.account.Level_07_Page_Generator_Manager_3@2c1b194a]" started-at="2023-08-23T05:21:24Z" name="User_01_Register_Empty_Data" finished-at="2023-08-23T05:21:27Z" duration-ms="2410" status="PASS">
          <reporter-output>
          </reporter-output>
        </test-method> <!-- User_01_Register_Empty_Data -->
        <test-method signature="User_02_Register_Invalid_Email()[pri:0, instance:com.nopcommerce.account.Level_07_Page_Generator_Manager_3@2c1b194a]" started-at="2023-08-23T05:21:27Z" name="User_02_Register_Invalid_Email" finished-at="2023-08-23T05:21:28Z" duration-ms="1735" status="PASS">
          <reporter-output>
          </reporter-output>
        </test-method> <!-- User_02_Register_Invalid_Email -->
        <test-method signature="User_03_Register_Invalid_Password()[pri:0, instance:com.nopcommerce.account.Level_07_Page_Generator_Manager_3@2c1b194a]" started-at="2023-08-23T05:21:28Z" name="User_03_Register_Invalid_Password" finished-at="2023-08-23T05:21:30Z" duration-ms="2129" status="PASS">
          <reporter-output>
          </reporter-output>
        </test-method> <!-- User_03_Register_Invalid_Password -->
        <test-method signature="User_04_Register_Inccorect_Confirm_Password()[pri:0, instance:com.nopcommerce.account.Level_07_Page_Generator_Manager_3@2c1b194a]" started-at="2023-08-23T05:21:30Z" name="User_04_Register_Inccorect_Confirm_Password" finished-at="2023-08-23T05:21:33Z" duration-ms="2029" status="PASS">
          <reporter-output>
          </reporter-output>
        </test-method> <!-- User_04_Register_Inccorect_Confirm_Password -->
        <test-method signature="User_05_Register_Success()[pri:0, instance:com.nopcommerce.account.Level_07_Page_Generator_Manager_3@2c1b194a]" started-at="2023-08-23T05:21:33Z" name="User_05_Register_Success" finished-at="2023-08-23T05:21:35Z" duration-ms="2124" status="PASS">
          <reporter-output>
          </reporter-output>
        </test-method> <!-- User_05_Register_Success -->
        <test-method signature="User_06_Login_Success()[pri:0, instance:com.nopcommerce.account.Level_07_Page_Generator_Manager_3@2c1b194a]" started-at="2023-08-23T05:21:35Z" name="User_06_Login_Success" finished-at="2023-08-23T05:21:37Z" duration-ms="2533" status="PASS">
          <reporter-output>
          </reporter-output>
        </test-method> <!-- User_06_Login_Success -->
        <test-method is-config="true" signature="afterClass()[pri:0, instance:com.nopcommerce.account.Level_07_Page_Generator_Manager_3@2c1b194a]" started-at="2023-08-23T05:21:37Z" name="afterClass" finished-at="2023-08-23T05:21:39Z" duration-ms="1506" status="PASS">
          <reporter-output>
          </reporter-output>
        </test-method> <!-- afterClass -->
      </class> <!-- com.nopcommerce.account.Level_07_Page_Generator_Manager_3 -->
    </test> <!-- Run On Firefox -->
    <test started-at="2023-08-23T05:21:39Z" name="Run On Chrome" finished-at="2023-08-23T05:21:59Z" duration-ms="20160">
      <class name="com.nopcommerce.account.Level_07_Page_Generator_Manager_3">
        <test-method is-config="true" signature="beforeClass(java.lang.String)[pri:0, instance:com.nopcommerce.account.Level_07_Page_Generator_Manager_3@53aac487]" started-at="2023-08-23T05:21:39Z" name="beforeClass" finished-at="2023-08-23T05:21:45Z" duration-ms="5870" status="PASS">
          <params>
            <param index="0">
              <value>
                <![CDATA[chrome]]>
              </value>
            </param>
          </params>
          <reporter-output>
          </reporter-output>
        </test-method> <!-- beforeClass -->
        <test-method signature="User_01_Register_Empty_Data()[pri:0, instance:com.nopcommerce.account.Level_07_Page_Generator_Manager_3@53aac487]" started-at="2023-08-23T05:21:45Z" name="User_01_Register_Empty_Data" finished-at="2023-08-23T05:21:47Z" duration-ms="1896" status="PASS">
          <reporter-output>
          </reporter-output>
        </test-method> <!-- User_01_Register_Empty_Data -->
        <test-method signature="User_02_Register_Invalid_Email()[pri:0, instance:com.nopcommerce.account.Level_07_Page_Generator_Manager_3@53aac487]" started-at="2023-08-23T05:21:47Z" name="User_02_Register_Invalid_Email" finished-at="2023-08-23T05:21:49Z" duration-ms="2689" status="PASS">
          <reporter-output>
          </reporter-output>
        </test-method> <!-- User_02_Register_Invalid_Email -->
        <test-method signature="User_03_Register_Invalid_Password()[pri:0, instance:com.nopcommerce.account.Level_07_Page_Generator_Manager_3@53aac487]" started-at="2023-08-23T05:21:49Z" name="User_03_Register_Invalid_Password" finished-at="2023-08-23T05:21:51Z" duration-ms="2106" status="PASS">
          <reporter-output>
          </reporter-output>
        </test-method> <!-- User_03_Register_Invalid_Password -->
        <test-method signature="User_04_Register_Inccorect_Confirm_Password()[pri:0, instance:com.nopcommerce.account.Level_07_Page_Generator_Manager_3@53aac487]" started-at="2023-08-23T05:21:51Z" name="User_04_Register_Inccorect_Confirm_Password" finished-at="2023-08-23T05:21:53Z" duration-ms="1686" status="PASS">
          <reporter-output>
          </reporter-output>
        </test-method> <!-- User_04_Register_Inccorect_Confirm_Password -->
        <test-method signature="User_05_Register_Success()[pri:0, instance:com.nopcommerce.account.Level_07_Page_Generator_Manager_3@53aac487]" started-at="2023-08-23T05:21:53Z" name="User_05_Register_Success" finished-at="2023-08-23T05:21:56Z" duration-ms="2507" status="PASS">
          <reporter-output>
          </reporter-output>
        </test-method> <!-- User_05_Register_Success -->
        <test-method signature="User_06_Login_Success()[pri:0, instance:com.nopcommerce.account.Level_07_Page_Generator_Manager_3@53aac487]" started-at="2023-08-23T05:21:56Z" name="User_06_Login_Success" finished-at="2023-08-23T05:21:58Z" duration-ms="2773" status="PASS">
          <reporter-output>
          </reporter-output>
        </test-method> <!-- User_06_Login_Success -->
        <test-method is-config="true" signature="afterClass()[pri:0, instance:com.nopcommerce.account.Level_07_Page_Generator_Manager_3@53aac487]" started-at="2023-08-23T05:21:58Z" name="afterClass" finished-at="2023-08-23T05:21:59Z" duration-ms="617" status="PASS">
          <reporter-output>
          </reporter-output>
        </test-method> <!-- afterClass -->
      </class> <!-- com.nopcommerce.account.Level_07_Page_Generator_Manager_3 -->
    </test> <!-- Run On Chrome -->
    <test started-at="2023-08-23T05:21:59Z" name="Run On Edge" finished-at="2023-08-23T05:22:26Z" duration-ms="27238">
      <class name="com.nopcommerce.account.Level_07_Page_Generator_Manager_3">
        <test-method is-config="true" signature="beforeClass(java.lang.String)[pri:0, instance:com.nopcommerce.account.Level_07_Page_Generator_Manager_3@771a660]" started-at="2023-08-23T05:21:59Z" name="beforeClass" finished-at="2023-08-23T05:22:07Z" duration-ms="7642" status="PASS">
          <params>
            <param index="0">
              <value>
                <![CDATA[Edge]]>
              </value>
            </param>
          </params>
          <reporter-output>
          </reporter-output>
        </test-method> <!-- beforeClass -->
        <test-method signature="User_01_Register_Empty_Data()[pri:0, instance:com.nopcommerce.account.Level_07_Page_Generator_Manager_3@771a660]" started-at="2023-08-23T05:22:07Z" name="User_01_Register_Empty_Data" finished-at="2023-08-23T05:22:09Z" duration-ms="2146" status="PASS">
          <reporter-output>
          </reporter-output>
        </test-method> <!-- User_01_Register_Empty_Data -->
        <test-method signature="User_02_Register_Invalid_Email()[pri:0, instance:com.nopcommerce.account.Level_07_Page_Generator_Manager_3@771a660]" started-at="2023-08-23T05:22:09Z" name="User_02_Register_Invalid_Email" finished-at="2023-08-23T05:22:12Z" duration-ms="2876" status="PASS">
          <reporter-output>
          </reporter-output>
        </test-method> <!-- User_02_Register_Invalid_Email -->
        <test-method signature="User_03_Register_Invalid_Password()[pri:0, instance:com.nopcommerce.account.Level_07_Page_Generator_Manager_3@771a660]" started-at="2023-08-23T05:22:12Z" name="User_03_Register_Invalid_Password" finished-at="2023-08-23T05:22:15Z" duration-ms="3147" status="PASS">
          <reporter-output>
          </reporter-output>
        </test-method> <!-- User_03_Register_Invalid_Password -->
        <test-method signature="User_04_Register_Inccorect_Confirm_Password()[pri:0, instance:com.nopcommerce.account.Level_07_Page_Generator_Manager_3@771a660]" started-at="2023-08-23T05:22:15Z" name="User_04_Register_Inccorect_Confirm_Password" finished-at="2023-08-23T05:22:18Z" duration-ms="2959" status="PASS">
          <reporter-output>
          </reporter-output>
        </test-method> <!-- User_04_Register_Inccorect_Confirm_Password -->
        <test-method signature="User_05_Register_Success()[pri:0, instance:com.nopcommerce.account.Level_07_Page_Generator_Manager_3@771a660]" started-at="2023-08-23T05:22:18Z" name="User_05_Register_Success" finished-at="2023-08-23T05:22:22Z" duration-ms="3975" status="PASS">
          <reporter-output>
          </reporter-output>
        </test-method> <!-- User_05_Register_Success -->
        <test-method signature="User_06_Login_Success()[pri:0, instance:com.nopcommerce.account.Level_07_Page_Generator_Manager_3@771a660]" started-at="2023-08-23T05:22:22Z" name="User_06_Login_Success" finished-at="2023-08-23T05:22:26Z" duration-ms="3962" status="PASS">
          <reporter-output>
          </reporter-output>
        </test-method> <!-- User_06_Login_Success -->
        <test-method is-config="true" signature="afterClass()[pri:0, instance:com.nopcommerce.account.Level_07_Page_Generator_Manager_3@771a660]" started-at="2023-08-23T05:22:26Z" name="afterClass" finished-at="2023-08-23T05:22:26Z" duration-ms="515" status="PASS">
          <reporter-output>
          </reporter-output>
        </test-method> <!-- afterClass -->
      </class> <!-- com.nopcommerce.account.Level_07_Page_Generator_Manager_3 -->
    </test> <!-- Run On Edge -->
  </suite> <!-- NopCommerce -->
</testng-results>
